mktextfm IRMitra/OT
mktextfm IRMitra/OT
mktextfm IRMitra/OT
mktextfm IRMitra/BI/OT
mktextfm IRMitra/OT
mktextfm IRMitra/B/OT
mktextfm IRMitra/OT
mktextfm IRMitra/I/OT
mktextfm IRMitra/OT
mktextfm IRMitra/OT
mktextfm IRMitra/OT
mktextfm IRMitra/OT
mktextfm IRMitra/OT
mktextfm IRMitra/OT
mktextfm IRMitra/OT
mktextfm IRMitra/OT
mktextfm IRMitra/OT
mktextfm IRMitra/OT
mktextfm IRMitra/OT
mktextfm IRMitra/OT
mktextfm IRMitra/OT
mktextfm IRMitra/OT
mktextfm IRMitra/OT
mktextfm IRMitra/OT
mktextfm IRMitra/OT
mktextfm IRMitra/OT
mktextfm IRMitra/OT
mktextfm IRMitra/OT
mktextfm IRMitra/BI/OT
mktextfm IRMitra/OT
mktextfm IRMitra/B/OT
mktextfm IRMitra/OT
mktextfm IRMitra/I/OT
mktextfm IRMitra/OT
mktextfm IRMitra/OT
mktextfm IRMitra/OT
mktextfm IRMitra/OT
mktextfm IRMitra/OT
mktextfm IRMitra/OT
mktextfm IRMitra/OT
mktextfm IRMitra/OT
mktextfm IRMitra
mktextfm IRMitra
mktextfm IRMitra
mktextfm IRMitra/BI
mktextfm IRMitra
mktextfm IRMitra/B
mktextfm IRMitra
mktextfm IRMitra/I
mktextfm IRMitra
mktextfm IRMitra
mktextfm IRMitra
mktextfm IRMitra
mktextfm IRMitra
mktextfm IRMitra
mktextfm IRMitra
mktextfm IRMitra
mktextfm IRMitra
mktextfm IRMitra
mktextfm IRMitra
mktextfm IRMitra
mktextfm IRMitra
mktextfm IRMitra
mktextfm IRMitra
mktextfm IRMitra
mktextfm IRMitra
mktextfm IRMitra
mktextfm IRMitra
mktextfm IRMitra
mktextfm IRMitra/BI
mktextfm IRMitra
mktextfm IRMitra/B
mktextfm IRMitra
mktextfm IRMitra/I
mktextfm IRMitra
mktextfm IRMitra
mktextfm IRMitra
mktextfm IRMitra
mktextfm IRMitra
mktextfm IRMitra
mktextfm IRMitra
mktextfm IRMitra
mktextfm IRMitra
mktextfm IRMitra
mktextfm IRMitra
mktextfm IRMitra/BI
mktextfm IRMitra
mktextfm IRMitra/B
mktextfm IRMitra
mktextfm IRMitra/I
mktextfm IRMitra
mktextfm IRMitra
mktextfm IRMitra
mktextfm IRMitra
mktextfm IRMitra
mktextfm IRMitra
mktextfm IRMitra
mktextfm IRMitra
mktextfm IRMitra
mktextfm IRMitra
mktextfm IRMitra
mktextfm IRMitra
mktextfm IRMitra
mktextfm IRMitra
mktextfm IRMitra
mktextfm IRMitra
mktextfm IRMitra
mktextfm IRMitra
mktextfm IRMitra
mktextfm IRMitra
mktextfm IRMitra/BI
mktextfm IRMitra
mktextfm IRMitra/B
mktextfm IRMitra
mktextfm IRMitra/I
mktextfm IRMitra
mktextfm IRMitra
mktextfm IRMitra
mktextfm IRMitra
mktextfm IRMitra
mktextfm IRMitra
mktextfm IRMitra
mktextfm IRMitra
mktextfm IRMitra
mktextfm IRMitra
mktextfm IRMitra
mktextfm IRMitra/BI
mktextfm IRMitra
mktextfm IRMitra/B
mktextfm IRMitra
mktextfm IRMitra/I
mktextfm IRMitra
mktextfm IRMitra
mktextfm IRMitra
mktextfm IRMitra
mktextfm IRMitra
mktextfm IRMitra
mktextfm IRMitra
mktextfm IRMitra
mktextfm IRMitra
mktextfm IRMitra
mktextfm IRMitra
mktextfm IRMitra
mktextfm IRMitra
mktextfm IRMitra
mktextfm IRMitra
mktextfm IRMitra
mktextfm IRMitra
mktextfm IRMitra
mktextfm IRMitra
mktextfm IRMitra
mktextfm IRMitra/BI
mktextfm IRMitra
mktextfm IRMitra/B
mktextfm IRMitra
mktextfm IRMitra/I
mktextfm IRMitra
mktextfm IRMitra
mktextfm IRMitra
mktextfm IRMitra
mktextfm IRMitra
mktextfm IRMitra
mktextfm IRMitra
mktextfm IRMitra
mktextfm IRMitra
mktextfm IRMitra
mktextfm IRMitra
mktextfm IRMitra/BI
mktextfm IRMitra
mktextfm IRMitra/B
mktextfm IRMitra
mktextfm IRMitra/I
mktextfm IRMitra
mktextfm IRMitra
mktextfm IRMitra
mktextfm IRMitra
mktextfm IRMitra
mktextfm IRMitra
mktextfm IRMitra
mktextfm IRMitra
mktextfm IRMitra
mktextfm IRMitra
mktextfm IRMitra
mktextfm IRMitra
mktextfm IRMitra
mktextfm IRMitra
mktextfm IRMitra
mktextfm IRMitra
mktextfm IRMitra
mktextfm IRMitra
mktextfm IRMitra
mktextfm IRMitra
mktextfm IRMitra/BI
mktextfm IRMitra
mktextfm IRMitra/B
mktextfm IRMitra
mktextfm IRMitra/I
mktextfm IRMitra
mktextfm IRMitra
mktextfm IRMitra
mktextfm IRMitra
mktextfm IRMitra
mktextfm IRMitra
mktextfm IRMitra
mktextfm IRMitra
mktextfm IRMitra
mktextfm IRMitra
mktextfm IRMitra
mktextfm IRMitra/BI
mktextfm IRMitra
mktextfm IRMitra/B
mktextfm IRMitra
mktextfm IRMitra/I
mktextfm IRMitra
mktextfm IRMitra
mktextfm IRMitra
mktextfm IRMitra
mktextfm IRMitra
mktextfm IRMitra
mktextfm IRMitra
mktextfm IRMitra
mktextfm IRMitra
mktextfm IRMitra
mktextfm IRMitra
mktextfm IRMitra
mktextfm IRMitra
mktextfm IRMitra
mktextfm IRMitra
mktextfm IRMitra
mktextfm IRMitra
mktextfm IRMitra
mktextfm IRMitra
mktextfm IRMitra
mktextfm IRMitra/BI
mktextfm IRMitra
mktextfm IRMitra/B
mktextfm IRMitra
mktextfm IRMitra/I
mktextfm IRMitra
mktextfm IRMitra
mktextfm IRMitra
mktextfm IRMitra
mktextfm IRMitra
mktextfm IRMitra
mktextfm IRMitra
mktextfm IRMitra
mktextfm IRMitra
mktextfm IRMitra
mktextfm IRMitra
mktextfm IRMitra/BI
mktextfm IRMitra
mktextfm IRMitra/B
mktextfm IRMitra
mktextfm IRMitra/I
mktextfm IRMitra
mktextfm IRMitra
mktextfm IRMitra
mktextfm IRMitra
mktextfm IRMitra
mktextfm IRMitra
mktextfm IRMitra
mktextfm IRMitra
mktextfm IRMitra
mktextfm IRMitra
mktextfm IRMitra
mktextfm IRMitra
mktextfm IRMitra
mktextfm IRMitra
mktextfm IRMitra
mktextfm IRMitra
mktextfm IRMitra
mktextfm IRMitra
mktextfm IRMitra
mktextfm IRMitra
mktextfm IRMitra/BI
mktextfm IRMitra
mktextfm IRMitra/B
mktextfm IRMitra
mktextfm IRMitra/I
mktextfm IRMitra
mktextfm IRMitra
mktextfm IRMitra
mktextfm IRMitra
mktextfm IRMitra
mktextfm IRMitra
mktextfm IRMitra
mktextfm IRMitra
mktextfm IRMitra
mktextfm IRMitra
mktextfm IRMitra
mktextfm IRMitra/BI
mktextfm IRMitra
mktextfm IRMitra/B
mktextfm IRMitra
mktextfm IRMitra/I
mktextfm IRMitra
mktextfm IRMitra
mktextfm IRMitra
mktextfm IRMitra
mktextfm IRMitra
mktextfm IRMitra
mktextfm IRMitra
mktextfm IRMitra
mktextfm IRMitra
mktextfm IRMitra
mktextfm IRMitra
mktextfm IRMitra
mktextfm IRMitra
mktextfm IRMitra
mktextfm IRMitra
mktextfm IRMitra
mktextfm IRMitra
mktextfm IRMitra
mktextfm IRMitra
mktextfm IRMitra
mktextfm IRMitra/BI
mktextfm IRMitra
mktextfm IRMitra/B
mktextfm IRMitra
mktextfm IRMitra/I
mktextfm IRMitra
mktextfm IRMitra
mktextfm IRMitra
mktextfm IRMitra
mktextfm IRMitra
mktextfm IRMitra
mktextfm IRMitra
mktextfm IRMitra
mktextfm IRMitra
mktextfm IRMitra
mktextfm IRMitra
mktextfm IRMitra/BI
mktextfm IRMitra
mktextfm IRMitra/B
mktextfm IRMitra
mktextfm IRMitra/I
mktextfm IRMitra
mktextfm IRMitra
mktextfm IRMitra
mktextfm IRMitra
mktextfm IRMitra
mktextfm IRMitra
mktextfm IRMitra
mktextfm IRMitra
mktextfm IRMitra
mktextfm IRMitra
mktextfm IRMitra
mktextfm IRMitra
mktextfm IRMitra
mktextfm IRMitra
mktextfm IRMitra
mktextfm IRMitra
mktextfm IRMitra
mktextfm IRMitra
mktextfm IRMitra
mktextfm IRMitra
mktextfm IRMitra/BI
mktextfm IRMitra
mktextfm IRMitra/B
mktextfm IRMitra
mktextfm IRMitra/I
mktextfm IRMitra
mktextfm IRMitra
mktextfm IRMitra
mktextfm IRMitra
mktextfm IRMitra
mktextfm IRMitra
mktextfm IRMitra
mktextfm IRMitra
mktextfm IRMitra
mktextfm IRMitra
mktextfm IRMitra
mktextfm IRMitra/BI
mktextfm IRMitra
mktextfm IRMitra/B
mktextfm IRMitra
mktextfm IRMitra/I
mktextfm IRMitra
mktextfm IRMitra
mktextfm IRMitra
mktextfm IRMitra
mktextfm IRMitra
mktextfm IRMitra
mktextfm IRMitra/BI
mktextfm IRMitra
mktextfm IRMitra/B
mktextfm IRMitra
mktextfm IRMitra/I
mktextfm IRMitra
mktextfm IRMitra
mktextfm IRMitra
mktextfm IRMitra
mktextfm IRMitra
mktextfm IRMitra
mktextfm IRMitra/BI
mktextfm IRMitra
mktextfm IRMitra/B
mktextfm IRMitra
mktextfm IRMitra/I
mktextfm IRMitra
mktextfm IRMitra
mktextfm IRMitra
mktextfm IRMitra
mktextfm IRMitra
mktextfm IRMitra
mktextfm IRMitra/BI
mktextfm IRMitra
mktextfm IRMitra/B
mktextfm IRMitra
mktextfm IRMitra/I
mktextfm IRMitra
mktextfm IRMitra
mktextfm IRMitra
mktextfm IRMitra
mktextfm IRMitra
mktextfm IRMitra
mktextfm IRMitra/BI
mktextfm IRMitra
mktextfm IRMitra/B
mktextfm IRMitra
mktextfm IRMitra/I
mktextfm IRMitra
mktextfm IRMitra
mktextfm IRMitra
mktextfm IRMitra
mktextfm IRMitra
mktextfm IRMitra
mktextfm IRMitra/BI
mktextfm IRMitra
mktextfm IRMitra/B
mktextfm IRMitra
mktextfm IRMitra/I
mktextfm IRMitra
mktextfm IRMitra
mktextfm IRMitra
mktextfm IRMitra
mktextfm IRMitra
mktextfm IRMitra
mktextfm IRMitra/BI
mktextfm IRMitra
mktextfm IRMitra/B
mktextfm IRMitra
mktextfm IRMitra/I
mktextfm IRMitra
mktextfm IRMitra
mktextfm IRMitra
mktextfm Yas
mktextfm Yas
mktextfm Yas
mktextfm Yas/BI
mktextfm Yas
mktextfm Yas/B
mktextfm Yas
mktextfm Yas/I
mktextfm Yas
mktextfm Yas
mktextfm Yas
mktextfm Yas
mktextfm Yas
mktextfm Yas
mktextfm Yas/BI
mktextfm Yas
mktextfm Yas/B
mktextfm Yas
mktextfm Yas/I
mktextfm Yas
mktextfm Yas
mktextfm Yas
mktextfm Yas
mktextfm Yas
mktextfm Yas
mktextfm Yas/BI
mktextfm Yas
mktextfm Yas/B
mktextfm Yas
mktextfm Yas/I
mktextfm Yas
mktextfm Yas
mktextfm Yas
mktextfm Yas
mktextfm Yas
mktextfm Yas
mktextfm Yas/BI
mktextfm Yas
mktextfm Yas/B
mktextfm Yas
mktextfm Yas/I
mktextfm Yas
mktextfm Yas
mktextfm Yas
mktextfm Yas
mktextfm Yas
mktextfm Yas
mktextfm Yas/BI
mktextfm Yas
mktextfm Yas/B
mktextfm Yas
mktextfm Yas/I
mktextfm Yas
mktextfm Yas
mktextfm Yas
mktextfm Yas
mktextfm Yas
mktextfm Yas
mktextfm Yas
mktextfm Yas/BI
mktextfm Yas
mktextfm Yas/B
mktextfm Yas
mktextfm Yas/I
mktextfm Yas
mktextfm Yas
mktextfm Yas
mktextfm Yas
mktextfm Yas
mktextfm Yas
mktextfm Yas
mktextfm Yas
mktextfm Yas
mktextfm Yas/BI
mktextfm Yas
mktextfm Yas/B
mktextfm Yas
mktextfm Yas/I
mktextfm Yas
mktextfm Yas
mktextfm Yas
mktextfm Yas
mktextfm Yas
mktextfm Yas
mktextfm Yas
mktextfm Yas/BI
mktextfm Yas
mktextfm Yas/B
mktextfm Yas
mktextfm Yas/I
mktextfm Yas
mktextfm Yas
mktextfm Yas
mktextfm Yas
mktextfm Yas
mktextfm Yas
