\BOOKMARK [1][-]{section.1}{\376\377\006\105\006\102\006\057\006\105\006\107}{}% 1
\BOOKMARK [1][-]{section.2}{\376\377\000K\000\040\006\106\006\062\006\057\006\314\006\251\000\040\006\052\006\061\006\314\006\106\000\040\006\107\006\105\006\063\006\047\006\314\006\107\000\040}{}% 2
\BOOKMARK [2][-]{subsection.2.1}{\376\377\000\040\006\071\006\105\006\104\006\251\006\061\006\057\000\040\006\047\006\104\006\257\006\110\006\061\006\314\006\052\006\105\000\040\000k\000\040\006\106\006\062\006\057\006\314\006\251\000\040\006\052\006\061\006\314\006\106\000\040\006\107\006\105\006\063\006\047\006\314\006\107}{section.2}% 3
\BOOKMARK [2][-]{subsection.2.2}{\376\377\006\105\006\102\006\047\006\314\006\063\006\107\040\014\006\314\000\040\006\047\006\104\006\257\006\110\006\061\006\314\006\052\006\105\040\014\006\107\006\047\006\314\000\040\006\314\006\047\006\057\006\257\006\314\006\061\006\314\000\040\006\105\006\047\006\064\006\314\006\106\000\040\006\061\006\257\006\061\006\063\006\314\006\110\006\106\000\040\006\104\006\054\006\063\006\052\006\314\006\251\006\014\000\040\006\050\006\314\006\062\000\040\006\063\006\047\006\057\006\107\000\040\006\110\000\040\000K\000N\000N\000\040\006\050\006\061\006\047\006\314\000\040\006\052\006\064\006\056\006\314\006\065\000\040\006\251\006\104\006\047\006\107\006\050\006\061\006\057\006\047\006\061\006\314\000\040\006\251\006\047\006\061\006\052\000\040\006\047\006\071\006\052\006\050\006\047\006\061\006\314\000\040\000-\000\040\006\050\006\061\006\106\006\047\006\105\006\107\040\014\006\314\000\040\006\251\006\047\006\061\006\050\006\061\006\057\006\314\000\040\006\047\006\056\006\314\006\061}{section.2}% 4
\BOOKMARK [3][-]{subsubsection.2.2.1}{\376\377\006\062\006\105\006\314\006\106\006\107\040\014\006\314\000\040\006\251\006\047\006\061\000\040\006\047\006\056\006\314\006\061}{subsection.2.2}% 5
\BOOKMARK [3][-]{subsubsection.2.2.2}{\376\377\006\052\006\110\006\066\006\314\006\055\006\047\006\052\000\040\006\110\000\040\006\106\006\052\006\047\006\314\006\054\000\040}{subsection.2.2}% 6
\BOOKMARK [2][-]{subsection.2.3}{\376\377\006\105\006\062\006\047\006\314\006\047\006\314\000\040\006\047\006\104\006\257\006\110\006\061\006\314\006\052\006\105\000\040\000K\000N\000N}{section.2}% 7
\BOOKMARK [2][-]{subsection.2.4}{\376\377\006\105\006\071\006\047\006\314\006\050\000\040\006\047\006\104\006\257\006\110\006\061\006\314\006\052\006\105\000\040\000K\000N\000N\000\040}{section.2}% 8
\BOOKMARK [1][-]{section.3}{\376\377\006\047\006\104\006\257\006\110\006\061\006\314\006\052\006\105\000\040\006\230\006\106\006\052\006\314\006\251}{}% 9
\BOOKMARK [2][-]{subsection.3.1}{\376\377\000\040\006\101\006\066\006\047\006\314\000\040\006\054\006\063\006\052\006\054\006\110}{section.3}% 10
\BOOKMARK [2][-]{subsection.3.2}{\376\377\006\047\006\106\006\052\006\056\006\047\006\050\000\040}{section.3}% 11
\BOOKMARK [2][-]{subsection.3.3}{\376\377\006\061\006\105\006\062\006\257\006\060\006\047\006\061\006\314}{section.3}% 12
\BOOKMARK [2][-]{subsection.3.4}{\376\377\006\257\006\060\006\061\006\057\006\107\006\314}{section.3}% 13
\BOOKMARK [2][-]{subsection.3.5}{\376\377\006\054\006\107\006\064}{section.3}% 14
\BOOKMARK [2][-]{subsection.3.6}{\376\377\000\040\006\052\006\064\006\056\006\314\006\065\000\040\006\206\006\107\006\061\006\107\000\040\006\050\006\061\000\040\006\047\006\063\006\047\006\063\000\040\006\050\006\107\006\314\006\106\006\107\040\014\006\063\006\047\006\062\006\314\000\040\006\047\006\104\006\257\006\110\006\061\006\314\006\052\006\105\000\040\006\230\006\106\006\052\006\314\006\251\000\040\000-\000\040\006\050\006\061\006\106\006\047\006\105\006\107\000\040\006\251\006\047\006\061\006\050\006\061\006\057\006\314\000\040\006\047\006\056\006\314\006\061\000\040}{section.3}% 15
\BOOKMARK [3][-]{subsubsection.3.6.1}{\376\377\006\176\006\063\040\014\006\062\006\105\006\314\006\106\006\107\000\040\006\251\006\047\006\061\000\040\006\047\006\056\006\314\006\061}{subsection.3.6}% 16
\BOOKMARK [3][-]{subsubsection.3.6.2}{\376\377\006\064\006\061\006\055\000\040\006\110\000\040\006\106\006\052\006\047\006\314\006\054\000\040}{subsection.3.6}% 17
\BOOKMARK [2][-]{subsection.3.7}{\376\377\006\105\006\062\006\047\006\314\006\047\006\314\000\040\006\047\006\104\006\257\006\110\006\061\006\314\006\052\006\105\000\040\006\230\006\106\006\052\006\314\006\251}{section.3}% 18
\BOOKMARK [2][-]{subsection.3.8}{\376\377\006\105\006\071\006\047\006\314\006\050\000\040\006\047\006\104\006\257\006\110\006\061\006\314\006\052\006\105\000\040\006\230\006\106\006\052\006\314\006\251}{section.3}% 19
\BOOKMARK [1][-]{section.4}{\376\377\006\105\006\047\006\064\006\314\006\106\000\040\006\050\006\061\006\057\006\047\006\061\000\040\006\176\006\064\006\052\006\314\006\050\006\047\006\106}{}% 20
\BOOKMARK [2][-]{subsection.4.1}{\376\377\006\047\006\106\006\110\006\047\006\071\000\040\006\105\006\047\006\064\006\314\006\106\000\040\006\050\006\061\006\057\006\047\006\061\000\040\006\176\006\064\006\052\006\314\006\050\006\047\006\106}{section.4}% 21
\BOOKMARK [3][-]{subsubsection.4.1.1}{\376\377\006\106\006\110\006\071\000\040\006\056\006\067\006\314\000\040\006\105\006\047\006\064\006\314\006\106\040\014\006\107\006\047\006\314\000\040\006\050\006\061\006\057\006\047\006\061\000\040\006\176\006\064\006\052\006\314\006\050\006\047\006\106}{subsection.4.1}% 22
\BOOKMARK [3][-]{subsubsection.4.1.2}{\376\377\006\106\006\110\006\071\000\040\006\072\006\314\006\061\006\056\006\067\006\314\000\040\006\105\006\047\006\064\006\314\006\106\040\014\006\107\006\047\006\314\000\040\006\050\006\061\006\057\006\047\006\061\000\040\006\176\006\064\006\052\006\314\006\050\006\047\006\106\000\040}{subsection.4.1}% 23
\BOOKMARK [2][-]{subsection.4.2}{\376\377\006\107\006\047\006\314\006\176\006\061\006\176\006\104\006\047\006\314\006\106\000\040\006\110\000\040\006\050\006\061\006\057\006\047\006\061\006\107\006\047\006\314\000\040\006\176\006\064\006\052\006\314\006\050\006\047\006\106\000\040\006\057\006\061\000\040\006\047\006\104\006\257\006\110\006\061\006\314\006\052\006\105\000\040\000S\000V\000M}{section.4}% 24
\BOOKMARK [3][-]{subsubsection.4.2.1}{\376\377\006\107\006\047\006\314\006\176\006\061\006\176\006\104\006\047\006\314\006\106}{subsection.4.2}% 25
\BOOKMARK [3][-]{subsubsection.4.2.2}{\376\377\006\050\006\061\006\057\006\047\006\061\006\107\006\047\006\314\000\040\006\176\006\064\006\052\006\314\006\050\006\047\006\106}{subsection.4.2}% 26
\BOOKMARK [2][-]{subsection.4.3}{\376\377\006\071\006\105\006\104\006\251\006\061\006\057\000\040\006\047\006\104\006\257\006\110\006\061\006\314\006\052\006\105\000\040\000S\000V\000M}{section.4}% 27
\BOOKMARK [3][-]{subsubsection.4.3.1}{\376\377\000S\000V\000M\000\040\006\056\006\067\006\314}{subsection.4.3}% 28
\BOOKMARK [3][-]{subsubsection.4.3.2}{\376\377\000S\000V\000M\000\040\006\072\006\314\006\061\006\056\006\067\006\314}{subsection.4.3}% 29
\BOOKMARK [2][-]{subsection.4.4}{\376\377\006\047\006\063\006\052\006\101\006\047\006\057\006\107\000\040\006\047\006\062\000\040\006\047\006\104\006\257\006\110\006\061\006\314\006\052\006\105\000\040\000S\000V\000M\000\040\006\050\006\061\006\047\006\314\000\040\006\052\006\064\006\056\006\314\006\065\000\040\006\063\006\061\006\067\006\047\006\106\000\040\006\176\006\063\006\052\006\047\006\106\000\040\000-\000\040\006\251\006\047\006\061\006\050\006\061\006\057\000\040\006\047\006\056\006\314\006\061\000\040}{section.4}% 30
\BOOKMARK [3][-]{subsubsection.4.4.1}{\376\377\006\176\006\314\006\064\040\014\006\062\006\105\006\314\006\106\006\107\000\040\006\251\006\047\006\061\000\040\006\047\006\056\006\314\006\061}{subsection.4.4}% 31
\BOOKMARK [3][-]{subsubsection.4.4.2}{\376\377\006\052\006\110\006\066\006\314\006\055\006\047\006\052\000\040\006\110\000\040\006\106\006\052\006\047\006\314\006\054}{subsection.4.4}% 32
\BOOKMARK [2][-]{subsection.4.5}{\376\377\006\105\006\062\006\047\006\314\006\047\006\314\000\040\006\047\006\104\006\257\006\110\006\061\006\314\006\052\006\105\000\040\000S\000V\000M}{section.4}% 33
\BOOKMARK [2][-]{subsection.4.6}{\376\377\006\105\006\071\006\047\006\314\006\050\000\040\006\047\006\104\006\257\006\110\006\061\006\314\006\052\006\105\000\040\000S\000V\000M}{section.4}% 34
\BOOKMARK [1][-]{section.5}{\376\377\006\057\006\061\006\056\006\052\000\040\006\052\006\065\006\105\006\314\006\105}{}% 35
\BOOKMARK [2][-]{subsection.5.1}{\376\377\006\067\006\050\006\102\006\107\040\014\006\050\006\106\006\057\006\314\000\040\006\057\006\061\006\056\006\052\040\014\006\107\006\047\006\314\000\040\006\052\006\065\006\105\006\314\006\105\000\040}{section.5}% 36
\BOOKMARK [3][-]{subsubsection.5.1.1}{\376\377\006\057\006\061\006\056\006\052\000\040\006\052\006\065\006\105\006\314\006\105\000\040\006\057\006\047\006\061\006\047\006\314\000\040\006\105\006\052\006\072\006\314\006\061\000\040\006\056\006\110\006\064\006\107\040\014\006\047\006\314}{subsection.5.1}% 37
\BOOKMARK [3][-]{subsubsection.5.1.2}{\376\377\006\057\006\061\006\056\006\052\000\040\006\052\006\065\006\105\006\314\006\105\000\040\006\057\006\047\006\061\006\047\006\314\000\040\006\105\006\052\006\072\006\314\006\061\000\040\006\053\006\047\006\050\006\052\000\040}{subsection.5.1}% 38
\BOOKMARK [2][-]{subsection.5.2}{\376\377\006\047\006\065\006\067\006\104\006\047\006\055\006\047\006\052\000\040\006\057\006\061\006\056\006\052\000\040\006\052\006\065\006\105\006\314\006\105}{section.5}% 39
\BOOKMARK [2][-]{subsection.5.3}{\376\377\006\047\006\106\006\057\006\047\006\062\006\107\040\014\006\257\006\314\006\061\006\314\000\040\006\047\006\106\006\052\006\056\006\047\006\050\000\040\006\110\006\314\006\230\006\257\006\314\040\014\006\107\006\047}{section.5}% 40
\BOOKMARK [3][-]{subsubsection.5.3.1}{\376\377\006\050\006\107\006\061\006\107\000\040\006\047\006\067\006\104\006\047\006\071\006\047\006\052}{subsection.5.3}% 41
\BOOKMARK [3][-]{subsubsection.5.3.2}{\376\377\006\064\006\047\006\056\006\065\000\040\000G\000i\000n\000i}{subsection.5.3}% 42
\BOOKMARK [2][-]{subsection.5.4}{\376\377\006\105\006\061\006\047\006\055\006\104\000\040\006\063\006\047\006\056\006\052\000\040\006\057\006\061\006\056\006\052\000\040\006\052\006\065\006\105\006\314\006\105}{section.5}% 43
\BOOKMARK [2][-]{subsection.5.5}{\376\377\006\176\006\314\006\064\040\014\006\050\006\314\006\106\006\314\000\040\006\050\006\314\006\105\006\047\006\061\006\314\000\040\006\251\006\050\006\057\000\040\006\050\006\047\000\040\006\047\006\063\006\052\006\101\006\047\006\057\006\107\000\040\006\047\006\062\000\040\006\052\006\251\006\106\006\314\006\251\040\014\006\107\006\047\006\314\000\040\006\105\006\056\006\052\006\104\006\101\000\040\006\057\006\061\006\056\006\052\000\040\006\052\006\065\006\105\006\314\006\105\000-\006\050\006\061\006\106\006\047\006\105\006\107\000\040\006\106\006\110\006\314\006\063\006\314\000\040\006\047\006\056\006\314\006\061\000\040}{section.5}% 44
\BOOKMARK [3][-]{subsubsection.5.5.1}{\376\377\006\062\006\105\006\314\006\106\006\107\000\040\006\251\006\047\006\061\000\040\006\047\006\056\006\314\006\061\000\040}{subsection.5.5}% 45
\BOOKMARK [3][-]{subsubsection.5.5.2}{\376\377\006\052\006\110\006\066\006\314\006\055\006\047\006\052\000\040\006\110\000\040\006\106\006\052\006\047\006\314\006\054}{subsection.5.5}% 46
\BOOKMARK [2][-]{subsection.5.6}{\376\377\006\105\006\062\006\047\006\314\006\047\006\314\000\040\006\047\006\104\006\257\006\110\006\061\006\314\006\052\006\105\000\040\006\057\006\061\006\056\006\052\000\040\006\052\006\065\006\105\006\314\006\105}{section.5}% 47
\BOOKMARK [2][-]{subsection.5.7}{\376\377\006\105\006\071\006\047\006\314\006\050\000\040\006\047\006\104\006\257\006\110\006\061\006\314\006\052\006\105\000\040\006\057\006\061\006\056\006\052\000\040\006\052\006\065\006\105\006\314\006\105}{section.5}% 48
\BOOKMARK [1][-]{section.6}{\376\377\006\047\006\104\006\257\006\110\006\061\006\314\006\052\006\105\000\040\006\055\006\047\006\101\006\070\006\107\000\040\006\251\006\110\006\052\006\047\006\107\000-\006\105\006\057\006\052\000\040\006\050\006\104\006\106\006\057\000\040\000\050\000L\000S\000T\000M\000\051}{}% 49
\BOOKMARK [2][-]{subsection.6.1}{\376\377\006\063\006\047\006\056\006\052\006\047\006\061\000\040\000L\000S\000T\000M}{section.6}% 50
\BOOKMARK [3][-]{subsubsection.6.1.1}{\376\377\006\057\006\061\006\110\006\047\006\062\006\107\000\040\006\101\006\061\006\047\006\105\006\110\006\064\006\314}{subsection.6.1}% 51
\BOOKMARK [3][-]{subsubsection.6.1.2}{\376\377\006\057\006\061\006\110\006\047\006\062\006\107\000\040\006\110\006\061\006\110\006\057}{subsection.6.1}% 52
\BOOKMARK [3][-]{subsubsection.6.1.3}{\376\377\006\057\006\061\006\110\006\047\006\062\006\107\000\040\006\056\006\061\006\110\006\054\006\314\000\040}{subsection.6.1}% 53
\BOOKMARK [2][-]{subsection.6.2}{\376\377\006\071\006\105\006\104\006\251\006\061\006\057\000\040\000L\000S\000T\000M}{section.6}% 54
\BOOKMARK [2][-]{subsection.6.3}{\376\377\006\105\006\057\006\104\000\040\000L\000S\000T\000M\000-\000R\000N\000N\000\040\006\050\006\061\006\047\006\314\000\040\006\176\006\314\006\064\040\014\006\050\006\314\006\106\006\314\000\040\006\106\006\314\006\047\006\062\000\040\006\050\006\107\000\040\006\050\006\047\006\061\000\040\006\050\006\061\006\102\000\040\000-\000\040\006\251\006\047\006\061\006\050\006\061\006\057\000\040\006\047\006\056\006\314\006\061}{section.6}% 55
\BOOKMARK [3][-]{subsubsection.6.3.1}{\376\377\006\062\006\105\006\314\006\106\006\107\000\040\006\251\006\047\006\061\000\040\006\047\006\056\006\314\006\061}{subsection.6.3}% 56
\BOOKMARK [3][-]{subsubsection.6.3.2}{\376\377\006\064\006\061\006\055\000\040\006\110\000\040\006\106\006\052\006\047\006\314\006\054\000\040}{subsection.6.3}% 57
\BOOKMARK [2][-]{subsection.6.4}{\376\377\006\105\006\062\006\047\006\314\006\047\006\314\000\040\006\047\006\104\006\257\006\110\006\061\006\314\006\052\006\105\000\040\000L\000S\000T\000M}{section.6}% 58
\BOOKMARK [2][-]{subsection.6.5}{\376\377\006\105\006\071\006\047\006\314\006\050\000\040\006\047\006\104\006\257\006\110\006\061\006\314\006\052\006\105\000\040\000L\000S\000T\000M}{section.6}% 59
\BOOKMARK [1][-]{section.7}{\376\377\006\105\006\102\006\047\006\314\006\063\006\107\000\040\006\251\006\105\006\314\000\040\006\047\006\104\006\257\006\110\006\061\006\314\006\052\006\105\040\014\006\107\006\047}{}% 60
\BOOKMARK [2][-]{subsection.7.1}{\376\377\006\105\006\067\006\047\006\104\006\071\006\107\000\040\006\105\006\110\006\061\006\057\006\314\000\040\006\050\006\061\006\047\006\314\000\040\006\105\006\102\006\047\006\314\006\063\006\107\000\040\006\047\006\104\006\257\006\110\006\061\006\314\006\052\006\105\040\014\006\107\006\047\006\314\000\040\000K\000-\000N\000N\000\040\006\014\000\040\000S\000V\000M\000\040\006\110\000\040\006\057\006\061\006\056\006\052\000\040\006\052\006\065\006\105\006\314\006\105\000\040}{section.7}% 61
\BOOKMARK [2][-]{subsection.7.2}{\376\377\006\105\006\067\006\047\006\104\006\071\006\107\000\040\006\105\006\110\006\061\006\057\006\314\000\040\006\050\006\061\006\047\006\314\000\040\006\105\006\102\006\047\006\314\006\063\006\107\000\040\006\047\006\104\006\257\006\110\006\061\006\314\006\052\006\105\000\040\006\230\006\106\006\052\006\314\006\251\000\040\006\110\000\040\006\047\006\104\006\257\006\110\006\061\006\314\006\052\006\105\000\040\000L\000S\000T\000M\000\040}{section.7}% 62
\BOOKMARK [1][-]{section.8}{\376\377\006\057\006\047\006\105\006\106\006\107\040\014\006\314\000\040\006\042\006\314\006\106\006\057\006\107\000\040}{}% 63
\BOOKMARK [1][-]{section.9}{\376\377\006\106\006\052\006\314\006\054\006\107\040\014\006\257\006\314\006\061\006\314}{}% 64
